[     128ms] [ERROR] A tree hydrated but some attributes of the server rendered HTML didn't match the client properties. This won't be patched up. This can happen if a SSR-ed Client Component used:

- A server/client branch `if (typeof window !== 'undefined')`.
- Variable input such as `Date.now()` or `Math.random()` which changes each time it's called.
- Date formatting in a user's locale which doesn't match the server.
- External changing data without sending a snapshot of it along with the HTML.
- Invalid HTML tag nesting.

It can also happen if the client has a browser extension installed which messes with the HTML before React loaded.

%s%s https://react.dev/link/hydration-mismatch 

  ...
    <InnerLayoutRouter url="/gmail" tree={[...]} params={{}} cacheNode={{rsc:{...}, ...}} segmentPath={[...]} ...>
      <SegmentViewNode type="page" pagePath="(google)/g...">
        <SegmentTrieNode>
        <ClientPageRoot Component={function GmailPage} serverProvidedParams={{...}}>
          <GmailPage params={Promise} searchParams={Promise}>
            <div className="flex h-[ca...">
              <PanelGroup orientation="horizontal" id="gmail-expa...">
                <Group className="h-full" orientation="horizontal" id="gmail-expa...">
                  <div className="h-full" data-group={true} data-testid="gmail-expa..." id="gmail-expa..." ref={function} ...>
                    <ResizablePanel defaultSize={15} minSize={10} maxSize={25}>
                      <Panel defaultSize={15} minSize={10} maxSize={25}>
                        <div aria-disabled={undefined} data-panel={true} data-testid="_R_dinebnq..." id="_R_dinebnq..." ...>
                          <div className={undefined} style={{...}}>
                            <div
+                             className="w-full h-full min-w-0 overflow-hidden"
-                             className="h-full min-w-0 overflow-hidden"
                            >
                              <LabelSidebar labels={[...]} activeLabel="INBOX" ...>
                                <div
+                                 className="flex h-full flex-col gap-2 border-r bg-muted/30 p-3"
-                                 className="flex w-[200px] flex-col gap-2 border-r bg-muted/30 p-3"
                                >
                    <ResizeHandle>
                    <ResizablePanel defaultSize={85} minSize={60}>
                      <Panel defaultSize={85} minSize={60}>
                        <div aria-disabled={undefined} data-panel={true} data-testid="_R_tinebnq..." id="_R_tinebnq..." ...>
                          <div className={undefined} style={{...}}>
                            <div
+                             className="w-full h-full min-w-0 overflow-hidden"
-                             className="h-full min-w-0 overflow-hidden"
                            >
              ...
      ...
 @ http://localhost:4000/_next/static/chunks/node_modules_next_dist_115brz8._.js:3272
[  117936ms] [ERROR] A tree hydrated but some attributes of the server rendered HTML didn't match the client properties. This won't be patched up. This can happen if a SSR-ed Client Component used:

- A server/client branch `if (typeof window !== 'undefined')`.
- Variable input such as `Date.now()` or `Math.random()` which changes each time it's called.
- Date formatting in a user's locale which doesn't match the server.
- External changing data without sending a snapshot of it along with the HTML.
- Invalid HTML tag nesting.

It can also happen if the client has a browser extension installed which messes with the HTML before React loaded.

%s%s https://react.dev/link/hydration-mismatch 

  ...
    <ErrorBoundary errorComponent={undefined} errorStyles={undefined} errorScripts={undefined}>
      <LoadingBoundary name="gmail/" loading={null}>
        <HTTPAccessFallbackBoundary notFound={undefined} forbidden={undefined} unauthorized={undefined}>
          <RedirectBoundary>
            <RedirectErrorBoundary router={{...}}>
              <InnerLayoutRouter url="/gmail" tree={[...]} params={{}} cacheNode={{rsc:{...}, ...}} segmentPath={[...]} ...>
                <SegmentViewNode type="page" pagePath="(google)/g...">
                  <SegmentTrieNode>
                  <ClientPageRoot Component={function GmailPage} serverProvidedParams={{...}}>
                    <GmailPage params={Promise} searchParams={Promise}>
                      <div className="flex h-[ca...">
                        <PanelGroup orientation="horizontal" id="gmail-list-v2">
                          <Group className="h-full" orientation="horizontal" id="gmail-list-v2">
                            <div
                              className="h-full"
                              data-group={true}
+                             data-testid="gmail-list-v2"
-                             data-testid="gmail-expanded"
+                             id="gmail-list-v2"
-                             id="gmail-expanded"
                              ref={function}
                              style={{height:"100%",width:"100%",overflow:"hidden",display:"flex",flexDirection:"row",flexWrap:"nowrap", ...}}
                            >
                              <ResizablePanel defaultSize={13} minSize={10} maxSize={20}>
                                <Panel defaultSize={13} minSize={10} maxSize={20}>
                                  <div aria-disabled={undefined} data-panel={true} data-testid="_R_dinebnq..." ...>
                                    <div className={undefined} style={{...}}>
                                      <div
+                                       className="w-full h-full min-w-0 overflow-hidden"
-                                       className="h-full min-w-0 overflow-hidden"
                                      >
                                        <LabelSidebar labels={[...]} activeLabel="INBOX" ...>
                                          <div
+                                           className="flex h-full flex-col gap-2 border-r bg-muted/30 p-3"
-                                           className="flex w-[200px] flex-col gap-2 border-r bg-muted/30 p-3"
                                          >
                              <ResizeHandle>
                              <ResizablePanel defaultSize={87} minSize={60}>
                                <Panel defaultSize={87} minSize={60}>
                                  <div aria-disabled={undefined} data-panel={true} data-testid="_R_tinebnq..." ...>
                                    <div className={undefined} style={{...}}>
                                      <div
+                                       className="w-full h-full min-w-0 overflow-hidden"
-                                       className="h-full min-w-0 overflow-hidden"
                                      >
                        ...
                ...
              ...
 @ http://localhost:4000/_next/static/chunks/node_modules_next_dist_115brz8._.js:3272
[  119009ms] [ERROR] A tree hydrated but some attributes of the server rendered HTML didn't match the client properties. This won't be patched up. This can happen if a SSR-ed Client Component used:

- A server/client branch `if (typeof window !== 'undefined')`.
- Variable input such as `Date.now()` or `Math.random()` which changes each time it's called.
- Date formatting in a user's locale which doesn't match the server.
- External changing data without sending a snapshot of it along with the HTML.
- Invalid HTML tag nesting.

It can also happen if the client has a browser extension installed which messes with the HTML before React loaded.

%s%s https://react.dev/link/hydration-mismatch 

  ...
    <ErrorBoundary errorComponent={undefined} errorStyles={undefined} errorScripts={undefined}>
      <LoadingBoundary name="gmail/" loading={null}>
        <HTTPAccessFallbackBoundary notFound={undefined} forbidden={undefined} unauthorized={undefined}>
          <RedirectBoundary>
            <RedirectErrorBoundary router={{...}}>
              <InnerLayoutRouter url="/gmail" tree={[...]} params={{}} cacheNode={{rsc:{...}, ...}} segmentPath={[...]} ...>
                <SegmentViewNode type="page" pagePath="(google)/g...">
                  <SegmentTrieNode>
                  <ClientPageRoot Component={function GmailPage} serverProvidedParams={{...}}>
                    <GmailPage params={Promise} searchParams={Promise}>
                      <div className="flex h-[ca...">
                        <PanelGroup orientation="horizontal" id="gmail-list-v2">
                          <Group className="h-full" orientation="horizontal" id="gmail-list-v2">
                            <div
                              className="h-full"
                              data-group={true}
+                             data-testid="gmail-list-v2"
-                             data-testid="gmail-expanded"
+                             id="gmail-list-v2"
-                             id="gmail-expanded"
                              ref={function}
                              style={{height:"100%",width:"100%",overflow:"hidden",display:"flex",flexDirection:"row",flexWrap:"nowrap", ...}}
                            >
                              <ResizablePanel defaultSize={13} minSize={10} maxSize={20}>
                                <Panel defaultSize={13} minSize={10} maxSize={20}>
                                  <div aria-disabled={undefined} data-panel={true} data-testid="_R_dinebnq..." ...>
                                    <div className={undefined} style={{...}}>
                                      <div
+                                       className="w-full h-full min-w-0 overflow-hidden"
-                                       className="h-full min-w-0 overflow-hidden"
                                      >
                                        <LabelSidebar labels={[...]} activeLabel="INBOX" ...>
                                          <div
+                                           className="flex h-full flex-col gap-2 border-r bg-muted/30 p-3"
-                                           className="flex w-[200px] flex-col gap-2 border-r bg-muted/30 p-3"
                                          >
                              <ResizeHandle>
                              <ResizablePanel defaultSize={87} minSize={60}>
                                <Panel defaultSize={87} minSize={60}>
                                  <div aria-disabled={undefined} data-panel={true} data-testid="_R_tinebnq..." ...>
                                    <div className={undefined} style={{...}}>
                                      <div
+                                       className="w-full h-full min-w-0 overflow-hidden"
-                                       className="h-full min-w-0 overflow-hidden"
                                      >
                        ...
                ...
              ...
 @ http://localhost:4000/_next/static/chunks/node_modules_next_dist_115brz8._.js:3272
