[     112ms] [ERROR] A tree hydrated but some attributes of the server rendered HTML didn't match the client properties. This won't be patched up. This can happen if a SSR-ed Client Component used:

- A server/client branch `if (typeof window !== 'undefined')`.
- Variable input such as `Date.now()` or `Math.random()` which changes each time it's called.
- Date formatting in a user's locale which doesn't match the server.
- External changing data without sending a snapshot of it along with the HTML.
- Invalid HTML tag nesting.

It can also happen if the client has a browser extension installed which messes with the HTML before React loaded.

%s%s https://react.dev/link/hydration-mismatch 

  ...
    <InnerScrollAndFocusHandlerOld focusAndScrollRef={{scrollRef:null, ...}} cacheNode={{rsc:{...}, ...}}>
      <ErrorBoundary errorComponent={undefined} errorStyles={undefined} errorScripts={undefined}>
        <LoadingBoundary name="teams/" loading={null}>
          <HTTPAccessFallbackBoundary notFound={undefined} forbidden={undefined} unauthorized={undefined}>
            <RedirectBoundary>
              <RedirectErrorBoundary router={{...}}>
                <InnerLayoutRouter url="/teams" tree={[...]} params={{}} cacheNode={{rsc:{...}, ...}} segmentPath={[...]} ...>
                  <SegmentViewNode type="page" pagePath="(microsoft...">
                    <SegmentTrieNode>
                    <ClientPageRoot Component={function TeamsPage} serverProvidedParams={{...}}>
                      <TeamsPage params={Promise} searchParams={Promise}>
                        <div className="flex h-[ca...">
                          <Group orientation="horizontal" className="h-full">
                            <div
+                             className="h-full"
-                             className={null}
                              data-group={true}
+                             data-testid="_R_inebnqitmlb_"
-                             data-testid="teams-panels"
+                             id="_R_inebnqitmlb_"
-                             id="teams-panels"
                              ref={function}
                              style={{height:"100%",width:"100%",overflow:"hidden",display:"flex",flexDirection:"row",flexWrap:"nowrap", ...}}
                            >
                              <Panel id="tt" defaultSize="220px" minSize="160px" maxSize="320px">
                                <div
                                  aria-disabled={undefined}
                                  data-panel={true}
+                                 data-testid="tt"
-                                 data-testid="_R_3inebnqitmlb_"
+                                 id="tt"
-                                 id="_R_3inebnqitmlb_"
                                  ref={function}
                                  style={{minHeight:0,maxHeight:"100%",height:"auto",minWidth:0,maxWidth:"100%",width:"auto",border:"none", ...}}
                                >
                              <ResizeHandle>
                              <Panel id="tc" defaultSize="260px" minSize="180px" maxSize="380px">
                                <div
                                  aria-disabled={undefined}
                                  data-panel={true}
+                                 data-testid="tc"
-                                 data-testid="_R_7inebnqitmlb_"
+                                 id="tc"
-                                 id="_R_7inebnqitmlb_"
                                  ref={function}
                                  style={{minHeight:0,maxHeight:"100%",height:"auto",minWidth:0,maxWidth:"100%",width:"auto",border:"none", ...}}
                                >
                              <ResizeHandle>
                              <Panel id="tm" defaultSize="1fr" minSize="300px">
                                <div
                                  aria-disabled={undefined}
                                  data-panel={true}
+                                 data-testid="tm"
-                                 data-testid="_R_binebnqitmlb_"
+                                 id="tm"
-                                 id="_R_binebnqitmlb_"
                                  ref={function}
                                  style={{minHeight:0,maxHeight:"100%",height:"auto",minWidth:0,maxWidth:"100%",width:"auto",border:"none", ...}}
                                >
                  ...
                ...
      ...
 @ http://localhost:4000/_next/static/chunks/node_modules_next_dist_115brz8._.js:3272
[     177ms] [ERROR] Failed to load resource: the server responded with a status of 404 (Not Found) @ http://localhost:4000/api/microsoft/teams:0
